<?xml version="1.0" encoding="UTF-8"?>
<testsuite xmlns:xsi="http://www.w3.org/2001/XMLSchema-instance" xsi:noNamespaceSchemaLocation="https://maven.apache.org/surefire/maven-surefire-plugin/xsd/surefire-test-report-3.0.xsd" version="3.0" name="io.github.tusquake.envvalidator.EnvValidatorTest" time="1.707" tests="4" errors="0" skipped="0" failures="0">
  <properties>
[...]
</properties>
  <testcase name="shouldFailWhenEnvVarIsMissing" classname="io.github.tusquake.envvalidator.EnvValidatorTest" time="1.631"/>
  <testcase name="shouldPassWhenAllEnvVarsExist" classname="io.github.tusquake.envvalidator.EnvValidatorTest" time="0.005"/>
  <testcase name="shouldFailWhenRegexMismatch" classname="io.github.tusquake.envvalidator.EnvValidatorTest" time="0.013">
    <system-out><![CDATA[20:47:56.949 [main] ERROR io.github.tusquake.envvalidator.core.ValidationEngine -- Value for EMAIL does not match pattern: ^[A-Za-z0-9+_.-]+@(.+)$
]]></system-out>
  </testcase>
  <testcase name="shouldValidateFieldLevelAnnotations" classname="io.github.tusquake.envvalidator.EnvValidatorTest" time="0.004">
    <system-out><![CDATA[20:47:56.956 [main] INFO io.github.tusquake.envvalidator.core.ValidationEngine -- Using default value for host: localhost
]]></system-out>
  </testcase>
</testsuite>